[debug] [2024-07-24T13:03:13.837Z] ----------------------------------------------------------------------
[debug] [2024-07-24T13:03:13.873Z] Command:       C:\Program Files\nodejs\node.exe C:\Users\Primero\AppData\Roaming\npm\node_modules\firebase-tools\lib\bin\firebase.js init
[debug] [2024-07-24T13:03:13.873Z] CLI Version:   13.14.0
[debug] [2024-07-24T13:03:13.874Z] Platform:      win32
[debug] [2024-07-24T13:03:13.874Z] Node Version:  v20.15.1
[debug] [2024-07-24T13:03:13.874Z] Time:          Wed Jul 24 2024 21:03:13 GMT+0800 (China Standard Time)
[debug] [2024-07-24T13:03:13.874Z] ----------------------------------------------------------------------
[debug] 
[debug] [2024-07-24T13:03:14.010Z] > command requires scopes: ["email","openid","https://www.googleapis.com/auth/cloudplatformprojects.readonly","https://www.googleapis.com/auth/firebase","https://www.googleapis.com/auth/cloud-platform"]
[debug] [2024-07-24T13:03:14.011Z] > authorizing via signed-in user (nicoleprimero2@gmail.com)
[info] 
     ######## #### ########  ######## ########     ###     ######  ########
     ##        ##  ##     ## ##       ##     ##  ##   ##  ##       ##
     ######    ##  ########  ######   ########  #########  ######  ######
     ##        ##  ##    ##  ##       ##     ## ##     ##       ## ##
     ##       #### ##     ## ######## ########  ##     ##  ######  ########

You're about to initialize a Firebase project in this directory:

  C:\Users\Primero

Before we get started, keep in mind:

  * You are initializing within an existing Firebase project directory

[info] 
=== Project Setup
[info] 
[info] First, let's associate this project directory with a Firebase project.
[info] You can create multiple project aliases by running firebase use --add, 
[info] but for now we'll just set up a default project.
[info] 
[debug] [2024-07-24T13:03:29.002Z] Using project from CLI flag: shuttersweet-d1b53
[debug] [2024-07-24T13:03:29.004Z] >>> [apiv2][query] GET https://firebase.googleapis.com/v1beta1/projects/shuttersweet-d1b53 [none]
[debug] [2024-07-24T13:03:29.474Z] <<< [apiv2][status] GET https://firebase.googleapis.com/v1beta1/projects/shuttersweet-d1b53 200
[debug] [2024-07-24T13:03:29.475Z] <<< [apiv2][body] GET https://firebase.googleapis.com/v1beta1/projects/shuttersweet-d1b53 {"projectId":"shuttersweet-d1b53","projectNumber":"371626634720","displayName":"ShutterSweet","name":"projects/shuttersweet-d1b53","resources":{"hostingSite":"shuttersweet-d1b53","storageBucket":"shuttersweet-d1b53.appspot.com","locationId":"us-central"},"state":"ACTIVE","etag":"1_115eb9fc-1883-48fe-b29d-582dfa75a648"}
[info] i  Using project shuttersweet-d1b53 (ShutterSweet) 
[info] 
=== Hosting Setup
[debug] [2024-07-24T13:03:29.484Z] >>> [apiv2][query] GET https://firebase.googleapis.com/v1beta1/projects/shuttersweet-d1b53 [none]
[debug] [2024-07-24T13:03:29.755Z] <<< [apiv2][status] GET https://firebase.googleapis.com/v1beta1/projects/shuttersweet-d1b53 200
[debug] [2024-07-24T13:03:29.755Z] <<< [apiv2][body] GET https://firebase.googleapis.com/v1beta1/projects/shuttersweet-d1b53 {"projectId":"shuttersweet-d1b53","projectNumber":"371626634720","displayName":"ShutterSweet","name":"projects/shuttersweet-d1b53","resources":{"hostingSite":"shuttersweet-d1b53","storageBucket":"shuttersweet-d1b53.appspot.com","locationId":"us-central"},"state":"ACTIVE","etag":"1_115eb9fc-1883-48fe-b29d-582dfa75a648"}
[info] 
[info] Your public directory is the folder (relative to your project directory) that
[info] will contain Hosting assets to be uploaded with firebase deploy. If you
[info] have a build process for your assets, use your build's output directory.
[info] 
[debug] [2024-07-24T13:04:04.623Z] ----------------------------------------------------------------------
[debug] [2024-07-24T13:04:04.625Z] Command:       C:\Program Files\nodejs\node.exe C:\Users\Primero\AppData\Roaming\npm\node_modules\firebase-tools\lib\bin\firebase.js init
[debug] [2024-07-24T13:04:04.625Z] CLI Version:   13.14.0
[debug] [2024-07-24T13:04:04.626Z] Platform:      win32
[debug] [2024-07-24T13:04:04.626Z] Node Version:  v20.15.1
[debug] [2024-07-24T13:04:04.626Z] Time:          Wed Jul 24 2024 21:04:04 GMT+0800 (China Standard Time)
[debug] [2024-07-24T13:04:04.626Z] ----------------------------------------------------------------------
[debug] 
[debug] [2024-07-24T13:04:04.696Z] > command requires scopes: ["email","openid","https://www.googleapis.com/auth/cloudplatformprojects.readonly","https://www.googleapis.com/auth/firebase","https://www.googleapis.com/auth/cloud-platform"]
[debug] [2024-07-24T13:04:04.696Z] > authorizing via signed-in user (nicoleprimero2@gmail.com)
[info] 
     ######## #### ########  ######## ########     ###     ######  ########
     ##        ##  ##     ## ##       ##     ##  ##   ##  ##       ##
     ######    ##  ########  ######   ########  #########  ######  ######
     ##        ##  ##    ##  ##       ##     ## ##     ##       ## ##
     ##       #### ##     ## ######## ########  ##     ##  ######  ########

You're about to initialize a Firebase project in this directory:

  C:\Users\Primero

Before we get started, keep in mind:

  * You are initializing within an existing Firebase project directory

[info] 
=== Project Setup
[info] 
[info] First, let's associate this project directory with a Firebase project.
[info] You can create multiple project aliases by running firebase use --add, 
[info] but for now we'll just set up a default project.
[info] 
[debug] [2024-07-24T13:04:09.893Z] Using project from CLI flag: shutter-97f71
[debug] [2024-07-24T13:04:09.895Z] >>> [apiv2][query] GET https://firebase.googleapis.com/v1beta1/projects/shutter-97f71 [none]
[debug] [2024-07-24T13:04:10.333Z] <<< [apiv2][status] GET https://firebase.googleapis.com/v1beta1/projects/shutter-97f71 200
[debug] [2024-07-24T13:04:10.334Z] <<< [apiv2][body] GET https://firebase.googleapis.com/v1beta1/projects/shutter-97f71 {"projectId":"shutter-97f71","projectNumber":"549892873761","displayName":"shutter","name":"projects/shutter-97f71","resources":{"hostingSite":"shutter-97f71"},"state":"ACTIVE","etag":"1_d46ee286-fd5b-43d9-9ef3-4803176e6b87"}
[info] i  Using project shutter-97f71 (shutter) 
[info] 
=== Hosting Setup
[debug] [2024-07-24T13:04:10.344Z] >>> [apiv2][query] GET https://firebase.googleapis.com/v1beta1/projects/shutter-97f71 [none]
[debug] [2024-07-24T13:04:10.756Z] <<< [apiv2][status] GET https://firebase.googleapis.com/v1beta1/projects/shutter-97f71 200
[debug] [2024-07-24T13:04:10.756Z] <<< [apiv2][body] GET https://firebase.googleapis.com/v1beta1/projects/shutter-97f71 {"projectId":"shutter-97f71","projectNumber":"549892873761","displayName":"shutter","name":"projects/shutter-97f71","resources":{"hostingSite":"shutter-97f71"},"state":"ACTIVE","etag":"1_d46ee286-fd5b-43d9-9ef3-4803176e6b87"}
[info] 
[info] Your public directory is the folder (relative to your project directory) that
[info] will contain Hosting assets to be uploaded with firebase deploy. If you
[info] have a build process for your assets, use your build's output directory.
[info] 
[info] +  Wrote public/404.html 
[debug] [2024-07-24T13:05:37.135Z] >>> [apiv2][query] GET https://www.gstatic.com/firebasejs/releases.json [none]
[debug] [2024-07-24T13:05:37.344Z] <<< [apiv2][status] GET https://www.gstatic.com/firebasejs/releases.json 200
[debug] [2024-07-24T13:05:37.344Z] <<< [apiv2][body] GET https://www.gstatic.com/firebasejs/releases.json {"current":{"version":"10.12.4","browserURL":"https://www.gstatic.com/firebasejs/10.12.4/firebase.js","packageURL":"https://www.gstatic.com/firebasejs/10.12.4/firebase.tgz"},"live":{"version":"10.12","browserURL":"https://www.gstatic.com/firebasejs/live/10.12/firebase.js","packageURL":"https://www.gstatic.com/firebasejs/live/10.12/firebase.tgz"},"components":{"analytics":"https://www.gstatic.com/firebasejs/10.12.4/firebase-analytics.js","app":"https://www.gstatic.com/firebasejs/10.12.4/firebase-app.js","app-check":"https://www.gstatic.com/firebasejs/10.12.4/firebase-app-check.js","auth":"https://www.gstatic.com/firebasejs/10.12.4/firebase-auth.js","auth/cordova":"https://www.gstatic.com/firebasejs/10.12.4/firebase-auth/cordova.js","auth/web-extension":"https://www.gstatic.com/firebasejs/10.12.4/firebase-auth/web-extension.js","functions":"https://www.gstatic.com/firebasejs/10.12.4/firebase-functions.js","firestore":"https://www.gstatic.com/firebasejs/10.12.4/firebase-firestore.js","firestore/lite":"https://www.gstatic.com/firebasejs/10.12.4/firebase-firestore/lite.js","installations":"https://www.gstatic.com/firebasejs/10.12.4/firebase-installations.js","storage":"https://www.gstatic.com/firebasejs/10.12.4/firebase-storage.js","performance":"https://www.gstatic.com/firebasejs/10.12.4/firebase-performance.js","remote-config":"https://www.gstatic.com/firebasejs/10.12.4/firebase-remote-config.js","messaging":"https://www.gstatic.com/firebasejs/10.12.4/firebase-messaging.js","messaging/sw":"https://www.gstatic.com/firebasejs/10.12.4/firebase-messaging/sw.js","database":"https://www.gstatic.com/firebasejs/10.12.4/firebase-database.js","vertexai-preview":"https://www.gstatic.com/firebasejs/10.12.4/firebase-vertexai-preview.js","firestore.memory":"https://www.gstatic.com/firebasejs/10.12.4/firebase-firestore.memory.js"}}
[info] i  Skipping write of public/index.html 
[info] 
[info] i  Writing configuration info to firebase.json... 
[info] i  Writing project information to .firebaserc... 
[info] 
[info] +  Firebase initialization complete! 
